{
  "/Users/aloshy/redirector/jest.config.ts": {
    "path": "/Users/aloshy/redirector/jest.config.ts",
    "statementMap": {
      "0": { "start": { "line": 55, "column": 0 }, "end": { "line": 55, "column": 15 } },
      "1": { "start": { "line": 2, "column": 21 }, "end": { "line": 2, "column": null } },
      "2": { "start": { "line": 4, "column": 25 }, "end": { "line": 7, "column": null } },
      "3": { "start": { "line": 10, "column": 33 }, "end": { "line": 52, "column": null } },
      "4": { "start": { "line": 55, "column": 15 }, "end": { "line": 55, "column": null } }
    },
    "fnMap": {},
    "branchMap": {},
    "s": { "0": 0, "1": 0, "2": 0, "3": 0, "4": 0 },
    "f": {},
    "b": {}
  },
  "/Users/aloshy/redirector/next.config.ts": {
    "path": "/Users/aloshy/redirector/next.config.ts",
    "statementMap": {
      "0": { "start": { "line": 7, "column": 0 }, "end": { "line": 7, "column": 15 } },
      "1": { "start": { "line": 3, "column": 31 }, "end": { "line": 5, "column": null } },
      "2": { "start": { "line": 7, "column": 15 }, "end": { "line": 7, "column": null } }
    },
    "fnMap": {},
    "branchMap": {},
    "s": { "0": 0, "1": 0, "2": 0 },
    "f": {},
    "b": {}
  },
  "/Users/aloshy/redirector/src/middleware.ts": {
    "path": "/Users/aloshy/redirector/src/middleware.ts",
    "statementMap": {
      "0": { "start": { "line": 181, "column": 13 }, "end": { "line": 181, "column": 19 } },
      "1": { "start": { "line": 185, "column": 30 }, "end": { "line": 185, "column": 41 } },
      "2": { "start": { "line": 1, "column": 42 }, "end": { "line": 1, "column": null } },
      "3": { "start": { "line": 31, "column": 18 }, "end": { "line": 31, "column": null } },
      "4": { "start": { "line": 32, "column": 18 }, "end": { "line": 32, "column": 26 } },
      "5": { "start": { "line": 33, "column": 19 }, "end": { "line": 33, "column": null } },
      "6": { "start": { "line": 34, "column": 24 }, "end": { "line": 34, "column": null } },
      "7": { "start": { "line": 35, "column": 20 }, "end": { "line": 35, "column": 25 } },
      "8": { "start": { "line": 36, "column": 28 }, "end": { "line": 36, "column": null } },
      "9": { "start": { "line": 37, "column": 32 }, "end": { "line": 37, "column": null } },
      "10": { "start": { "line": 38, "column": 29 }, "end": { "line": 38, "column": null } },
      "11": { "start": { "line": 42, "column": 2 }, "end": { "line": 42, "column": null } },
      "12": { "start": { "line": 42, "column": 58 }, "end": { "line": 42, "column": null } },
      "13": { "start": { "line": 46, "column": 4 }, "end": { "line": 46, "column": null } },
      "14": { "start": { "line": 47, "column": 2 }, "end": { "line": 47, "column": null } },
      "15": { "start": { "line": 52, "column": 2 }, "end": { "line": 52, "column": null } },
      "16": { "start": { "line": 56, "column": 2 }, "end": { "line": 60, "column": null } },
      "17": { "start": { "line": 65, "column": 2 }, "end": { "line": 68, "column": null } },
      "18": { "start": { "line": 66, "column": 4 }, "end": { "line": 66, "column": null } },
      "19": { "start": { "line": 67, "column": 4 }, "end": { "line": 67, "column": null } },
      "20": { "start": { "line": 70, "column": 2 }, "end": { "line": 112, "column": null } },
      "21": { "start": { "line": 71, "column": 23 }, "end": { "line": 71, "column": null } },
      "22": { "start": { "line": 72, "column": 22 }, "end": { "line": 72, "column": null } },
      "23": { "start": { "line": 72, "column": 39 }, "end": { "line": 72, "column": 59 } },
      "24": { "start": { "line": 74, "column": 21 }, "end": { "line": 81, "column": null } },
      "25": { "start": { "line": 84, "column": 4 }, "end": { "line": 84, "column": null } },
      "26": { "start": { "line": 86, "column": 4 }, "end": { "line": 88, "column": null } },
      "27": { "start": { "line": 87, "column": 6 }, "end": { "line": 87, "column": null } },
      "28": { "start": { "line": 90, "column": 33 }, "end": { "line": 90, "column": null } },
      "29": { "start": { "line": 93, "column": 4 }, "end": { "line": 95, "column": null } },
      "30": { "start": { "line": 94, "column": 6 }, "end": { "line": 94, "column": null } },
      "31": { "start": { "line": 97, "column": 4 }, "end": { "line": 101, "column": null } },
      "32": { "start": { "line": 99, "column": 20 }, "end": { "line": 99, "column": null } },
      "33": { "start": { "line": 100, "column": 8 }, "end": { "line": 100, "column": null } },
      "34": { "start": { "line": 104, "column": 4 }, "end": { "line": 110, "column": null } },
      "35": { "start": { "line": 105, "column": 6 }, "end": { "line": 109, "column": null } },
      "36": { "start": { "line": 106, "column": 8 }, "end": { "line": 106, "column": null } },
      "37": { "start": { "line": 108, "column": 8 }, "end": { "line": 108, "column": null } },
      "38": { "start": { "line": 111, "column": 4 }, "end": { "line": 111, "column": null } },
      "39": { "start": { "line": 116, "column": 2 }, "end": { "line": 116, "column": null } },
      "40": { "start": { "line": 116, "column": 47 }, "end": { "line": 116, "column": null } },
      "41": { "start": { "line": 119, "column": 17 }, "end": { "line": 119, "column": null } },
      "42": { "start": { "line": 120, "column": 2 }, "end": { "line": 122, "column": null } },
      "43": { "start": { "line": 121, "column": 4 }, "end": { "line": 121, "column": null } },
      "44": { "start": { "line": 123, "column": 2 }, "end": { "line": 123, "column": null } },
      "45": { "start": { "line": 125, "column": 20 }, "end": { "line": 125, "column": null } },
      "46": { "start": { "line": 126, "column": 20 }, "end": { "line": 126, "column": null } },
      "47": { "start": { "line": 128, "column": 2 }, "end": { "line": 150, "column": null } },
      "48": { "start": { "line": 129, "column": 4 }, "end": { "line": 129, "column": null } },
      "49": { "start": { "line": 130, "column": 26 }, "end": { "line": 130, "column": null } },
      "50": { "start": { "line": 131, "column": 23 }, "end": { "line": 131, "column": null } },
      "51": { "start": { "line": 133, "column": 4 }, "end": { "line": 147, "column": null } },
      "52": { "start": { "line": 134, "column": 6 }, "end": { "line": 146, "column": null } },
      "53": { "start": { "line": 135, "column": 8 }, "end": { "line": 145, "column": null } },
      "54": { "start": { "line": 136, "column": 30 }, "end": { "line": 136, "column": null } },
      "55": { "start": { "line": 138, "column": 10 }, "end": { "line": 144, "column": null } },
      "56": { "start": { "line": 139, "column": 12 }, "end": { "line": 142, "column": null } },
      "57": { "start": { "line": 143, "column": 12 }, "end": { "line": 143, "column": null } },
      "58": { "start": { "line": 149, "column": 4 }, "end": { "line": 149, "column": null } },
      "59": { "start": { "line": 152, "column": 2 }, "end": { "line": 152, "column": null } },
      "60": { "start": { "line": 156, "column": 2 }, "end": { "line": 178, "column": null } },
      "61": { "start": { "line": 157, "column": 25 }, "end": { "line": 157, "column": null } },
      "62": { "start": { "line": 158, "column": 26 }, "end": { "line": 158, "column": 51 } },
      "63": { "start": { "line": 160, "column": 4 }, "end": { "line": 174, "column": null } },
      "64": { "start": { "line": 176, "column": 4 }, "end": { "line": 176, "column": null } },
      "65": { "start": { "line": 177, "column": 4 }, "end": { "line": 177, "column": null } },
      "66": { "start": { "line": 181, "column": 22 }, "end": { "line": 183, "column": null } },
      "67": { "start": { "line": 186, "column": 2 }, "end": { "line": 246, "column": null } },
      "68": { "start": { "line": 187, "column": 25 }, "end": { "line": 187, "column": null } },
      "69": { "start": { "line": 189, "column": 4 }, "end": { "line": 191, "column": null } },
      "70": { "start": { "line": 190, "column": 6 }, "end": { "line": 190, "column": null } },
      "71": { "start": { "line": 193, "column": 4 }, "end": { "line": 195, "column": null } },
      "72": { "start": { "line": 194, "column": 6 }, "end": { "line": 194, "column": null } },
      "73": { "start": { "line": 197, "column": 30 }, "end": { "line": 197, "column": null } },
      "74": { "start": { "line": 198, "column": 4 }, "end": { "line": 205, "column": null } },
      "75": { "start": { "line": 199, "column": 6 }, "end": { "line": 204, "column": null } },
      "76": { "start": { "line": 207, "column": 24 }, "end": { "line": 207, "column": null } },
      "77": { "start": { "line": 208, "column": 30 }, "end": { "line": 208, "column": 56 } },
      "78": { "start": { "line": 211, "column": 4 }, "end": { "line": 213, "column": null } },
      "79": { "start": { "line": 212, "column": 6 }, "end": { "line": 212, "column": null } },
      "80": { "start": { "line": 215, "column": 24 }, "end": { "line": 215, "column": 67 } },
      "81": { "start": { "line": 216, "column": 4 }, "end": { "line": 218, "column": null } },
      "82": { "start": { "line": 217, "column": 6 }, "end": { "line": 217, "column": null } },
      "83": { "start": { "line": 220, "column": 27 }, "end": { "line": 220, "column": null } },
      "84": { "start": { "line": 221, "column": 4 }, "end": { "line": 221, "column": null } },
      "85": { "start": { "line": 222, "column": 4 }, "end": { "line": 222, "column": null } },
      "86": { "start": { "line": 223, "column": 4 }, "end": { "line": 223, "column": null } },
      "87": { "start": { "line": 224, "column": 4 }, "end": { "line": 224, "column": null } },
      "88": { "start": { "line": 226, "column": 4 }, "end": { "line": 232, "column": null } },
      "89": { "start": { "line": 234, "column": 4 }, "end": { "line": 234, "column": null } },
      "90": { "start": { "line": 237, "column": 4 }, "end": { "line": 243, "column": null } },
      "91": { "start": { "line": 238, "column": 6 }, "end": { "line": 242, "column": null } },
      "92": { "start": { "line": 239, "column": 8 }, "end": { "line": 239, "column": null } },
      "93": { "start": { "line": 240, "column": 13 }, "end": { "line": 242, "column": null } },
      "94": { "start": { "line": 241, "column": 8 }, "end": { "line": 241, "column": null } },
      "95": { "start": { "line": 245, "column": 4 }, "end": { "line": 245, "column": null } }
    },
    "fnMap": {
      "0": {
        "name": "isValidHostname",
        "decl": { "start": { "line": 41, "column": 9 }, "end": { "line": 41, "column": 25 } },
        "loc": { "start": { "line": 41, "column": 41 }, "end": { "line": 48, "column": null } }
      },
      "1": {
        "name": "isIPAddress",
        "decl": { "start": { "line": 50, "column": 9 }, "end": { "line": 50, "column": 21 } },
        "loc": { "start": { "line": 50, "column": 37 }, "end": { "line": 53, "column": null } }
      },
      "2": {
        "name": "isValidDestination",
        "decl": { "start": { "line": 55, "column": 9 }, "end": { "line": 55, "column": 28 } },
        "loc": { "start": { "line": 55, "column": 47 }, "end": { "line": 62, "column": null } }
      },
      "3": {
        "name": "getDNSRecords",
        "decl": { "start": { "line": 64, "column": 15 }, "end": { "line": 64, "column": 29 } },
        "loc": { "start": { "line": 64, "column": 45 }, "end": { "line": 113, "column": null } }
      },
      "4": {
        "name": "(anonymous_7)",
        "decl": { "start": { "line": 72, "column": 33 }, "end": { "line": 72, "column": 39 } },
        "loc": { "start": { "line": 72, "column": 39 }, "end": { "line": 72, "column": 59 } }
      },
      "5": {
        "name": "(anonymous_8)",
        "decl": { "start": { "line": 98, "column": 26 }, "end": { "line": 98, "column": 27 } },
        "loc": { "start": { "line": 98, "column": 27 }, "end": { "line": 101, "column": 12 } }
      },
      "6": {
        "name": "lookupDestinationWithCache",
        "decl": { "start": { "line": 115, "column": 15 }, "end": { "line": 115, "column": 42 } },
        "loc": { "start": { "line": 115, "column": 58 }, "end": { "line": 153, "column": null } }
      },
      "7": {
        "name": "generateErrorMessage",
        "decl": { "start": { "line": 155, "column": 9 }, "end": { "line": 155, "column": 30 } },
        "loc": { "start": { "line": 155, "column": 46 }, "end": { "line": 179, "column": null } }
      },
      "8": {
        "name": "middleware",
        "decl": { "start": { "line": 185, "column": 30 }, "end": { "line": 185, "column": 41 } },
        "loc": { "start": { "line": 185, "column": 57 }, "end": { "line": 247, "column": 1 } }
      }
    },
    "branchMap": {
      "0": {
        "loc": { "start": { "line": 42, "column": 2 }, "end": { "line": 42, "column": null } },
        "type": "if",
        "locations": [
          { "start": { "line": 42, "column": 2 }, "end": { "line": 42, "column": null } }
        ]
      },
      "1": {
        "loc": { "start": { "line": 42, "column": 6 }, "end": { "line": 42, "column": 58 } },
        "type": "binary-expr",
        "locations": [
          { "start": { "line": 42, "column": 6 }, "end": { "line": 42, "column": 19 } },
          { "start": { "line": 42, "column": 19 }, "end": { "line": 42, "column": 58 } }
        ]
      },
      "2": {
        "loc": { "start": { "line": 52, "column": 9 }, "end": { "line": 52, "column": null } },
        "type": "binary-expr",
        "locations": [
          { "start": { "line": 52, "column": 9 }, "end": { "line": 52, "column": 53 } },
          { "start": { "line": 52, "column": 53 }, "end": { "line": 52, "column": null } }
        ]
      },
      "3": {
        "loc": { "start": { "line": 57, "column": 4 }, "end": { "line": 60, "column": null } },
        "type": "binary-expr",
        "locations": [
          { "start": { "line": 57, "column": 4 }, "end": { "line": 57, "column": null } },
          { "start": { "line": 58, "column": 6 }, "end": { "line": 58, "column": null } },
          { "start": { "line": 59, "column": 6 }, "end": { "line": 59, "column": null } },
          { "start": { "line": 60, "column": 6 }, "end": { "line": 60, "column": null } }
        ]
      },
      "4": {
        "loc": { "start": { "line": 65, "column": 2 }, "end": { "line": 68, "column": null } },
        "type": "if",
        "locations": [
          { "start": { "line": 65, "column": 2 }, "end": { "line": 68, "column": null } }
        ]
      },
      "5": {
        "loc": { "start": { "line": 86, "column": 4 }, "end": { "line": 88, "column": null } },
        "type": "if",
        "locations": [
          { "start": { "line": 86, "column": 4 }, "end": { "line": 88, "column": null } }
        ]
      },
      "6": {
        "loc": { "start": { "line": 93, "column": 4 }, "end": { "line": 95, "column": null } },
        "type": "if",
        "locations": [
          { "start": { "line": 93, "column": 4 }, "end": { "line": 95, "column": null } }
        ]
      },
      "7": {
        "loc": { "start": { "line": 98, "column": 6 }, "end": { "line": 101, "column": 14 } },
        "type": "binary-expr",
        "locations": [
          { "start": { "line": 98, "column": 6 }, "end": { "line": 101, "column": 12 } },
          { "start": { "line": 101, "column": 12 }, "end": { "line": 101, "column": 14 } }
        ]
      },
      "8": {
        "loc": { "start": { "line": 104, "column": 4 }, "end": { "line": 110, "column": null } },
        "type": "if",
        "locations": [
          { "start": { "line": 104, "column": 4 }, "end": { "line": 110, "column": null } }
        ]
      },
      "9": {
        "loc": { "start": { "line": 105, "column": 6 }, "end": { "line": 109, "column": null } },
        "type": "if",
        "locations": [
          { "start": { "line": 105, "column": 6 }, "end": { "line": 109, "column": null } },
          { "start": { "line": 107, "column": 13 }, "end": { "line": 109, "column": null } }
        ]
      },
      "10": {
        "loc": { "start": { "line": 116, "column": 2 }, "end": { "line": 116, "column": null } },
        "type": "if",
        "locations": [
          { "start": { "line": 116, "column": 2 }, "end": { "line": 116, "column": null } }
        ]
      },
      "11": {
        "loc": { "start": { "line": 116, "column": 6 }, "end": { "line": 116, "column": 47 } },
        "type": "binary-expr",
        "locations": [
          { "start": { "line": 116, "column": 6 }, "end": { "line": 116, "column": 19 } },
          { "start": { "line": 116, "column": 19 }, "end": { "line": 116, "column": 47 } }
        ]
      },
      "12": {
        "loc": { "start": { "line": 120, "column": 2 }, "end": { "line": 122, "column": null } },
        "type": "if",
        "locations": [
          { "start": { "line": 120, "column": 2 }, "end": { "line": 122, "column": null } }
        ]
      },
      "13": {
        "loc": { "start": { "line": 120, "column": 6 }, "end": { "line": 120, "column": 59 } },
        "type": "binary-expr",
        "locations": [
          { "start": { "line": 120, "column": 6 }, "end": { "line": 120, "column": 16 } },
          { "start": { "line": 120, "column": 16 }, "end": { "line": 120, "column": 59 } }
        ]
      },
      "14": {
        "loc": { "start": { "line": 128, "column": 9 }, "end": { "line": 128, "column": 73 } },
        "type": "binary-expr",
        "locations": [
          { "start": { "line": 128, "column": 9 }, "end": { "line": 128, "column": 34 } },
          { "start": { "line": 128, "column": 34 }, "end": { "line": 128, "column": 73 } }
        ]
      },
      "15": {
        "loc": { "start": { "line": 135, "column": 8 }, "end": { "line": 145, "column": null } },
        "type": "if",
        "locations": [
          { "start": { "line": 135, "column": 8 }, "end": { "line": 145, "column": null } }
        ]
      },
      "16": {
        "loc": { "start": { "line": 138, "column": 10 }, "end": { "line": 144, "column": null } },
        "type": "if",
        "locations": [
          { "start": { "line": 138, "column": 10 }, "end": { "line": 144, "column": null } }
        ]
      },
      "17": {
        "loc": { "start": { "line": 138, "column": 14 }, "end": { "line": 138, "column": 62 } },
        "type": "binary-expr",
        "locations": [
          { "start": { "line": 138, "column": 14 }, "end": { "line": 138, "column": 29 } },
          { "start": { "line": 138, "column": 29 }, "end": { "line": 138, "column": 62 } }
        ]
      },
      "18": {
        "loc": { "start": { "line": 157, "column": 25 }, "end": { "line": 157, "column": null } },
        "type": "binary-expr",
        "locations": [
          { "start": { "line": 157, "column": 25 }, "end": { "line": 157, "column": 52 } },
          { "start": { "line": 157, "column": 52 }, "end": { "line": 157, "column": null } }
        ]
      },
      "19": {
        "loc": { "start": { "line": 189, "column": 4 }, "end": { "line": 191, "column": null } },
        "type": "if",
        "locations": [
          { "start": { "line": 189, "column": 4 }, "end": { "line": 191, "column": null } }
        ]
      },
      "20": {
        "loc": { "start": { "line": 189, "column": 8 }, "end": { "line": 189, "column": 52 } },
        "type": "binary-expr",
        "locations": [
          { "start": { "line": 189, "column": 8 }, "end": { "line": 189, "column": 25 } },
          { "start": { "line": 189, "column": 25 }, "end": { "line": 189, "column": 52 } }
        ]
      },
      "21": {
        "loc": { "start": { "line": 193, "column": 4 }, "end": { "line": 195, "column": null } },
        "type": "if",
        "locations": [
          { "start": { "line": 193, "column": 4 }, "end": { "line": 195, "column": null } }
        ]
      },
      "22": {
        "loc": { "start": { "line": 198, "column": 4 }, "end": { "line": 205, "column": null } },
        "type": "if",
        "locations": [
          { "start": { "line": 198, "column": 4 }, "end": { "line": 205, "column": null } }
        ]
      },
      "23": {
        "loc": { "start": { "line": 211, "column": 4 }, "end": { "line": 213, "column": null } },
        "type": "if",
        "locations": [
          { "start": { "line": 211, "column": 4 }, "end": { "line": 213, "column": null } }
        ]
      },
      "24": {
        "loc": { "start": { "line": 216, "column": 4 }, "end": { "line": 218, "column": null } },
        "type": "if",
        "locations": [
          { "start": { "line": 216, "column": 4 }, "end": { "line": 218, "column": null } }
        ]
      },
      "25": {
        "loc": { "start": { "line": 237, "column": 4 }, "end": { "line": 243, "column": null } },
        "type": "if",
        "locations": [
          { "start": { "line": 237, "column": 4 }, "end": { "line": 243, "column": null } }
        ]
      },
      "26": {
        "loc": { "start": { "line": 238, "column": 6 }, "end": { "line": 242, "column": null } },
        "type": "if",
        "locations": [
          { "start": { "line": 238, "column": 6 }, "end": { "line": 242, "column": null } },
          { "start": { "line": 240, "column": 13 }, "end": { "line": 242, "column": null } }
        ]
      },
      "27": {
        "loc": { "start": { "line": 240, "column": 13 }, "end": { "line": 242, "column": null } },
        "type": "if",
        "locations": [
          { "start": { "line": 240, "column": 13 }, "end": { "line": 242, "column": null } }
        ]
      }
    },
    "s": {
      "0": 0,
      "1": 2,
      "2": 1,
      "3": 1,
      "4": 1,
      "5": 1,
      "6": 1,
      "7": 1,
      "8": 1,
      "9": 1,
      "10": 1,
      "11": 0,
      "12": 0,
      "13": 0,
      "14": 0,
      "15": 2,
      "16": 0,
      "17": 0,
      "18": 0,
      "19": 0,
      "20": 0,
      "21": 0,
      "22": 0,
      "23": 0,
      "24": 0,
      "25": 0,
      "26": 0,
      "27": 0,
      "28": 0,
      "29": 0,
      "30": 0,
      "31": 0,
      "32": 0,
      "33": 0,
      "34": 0,
      "35": 0,
      "36": 0,
      "37": 0,
      "38": 0,
      "39": 0,
      "40": 0,
      "41": 0,
      "42": 0,
      "43": 0,
      "44": 0,
      "45": 0,
      "46": 0,
      "47": 0,
      "48": 0,
      "49": 0,
      "50": 0,
      "51": 0,
      "52": 0,
      "53": 0,
      "54": 0,
      "55": 0,
      "56": 0,
      "57": 0,
      "58": 0,
      "59": 0,
      "60": 0,
      "61": 0,
      "62": 0,
      "63": 0,
      "64": 0,
      "65": 0,
      "66": 1,
      "67": 2,
      "68": 2,
      "69": 2,
      "70": 2,
      "71": 0,
      "72": 0,
      "73": 0,
      "74": 0,
      "75": 0,
      "76": 0,
      "77": 0,
      "78": 0,
      "79": 0,
      "80": 0,
      "81": 0,
      "82": 0,
      "83": 0,
      "84": 0,
      "85": 0,
      "86": 0,
      "87": 0,
      "88": 0,
      "89": 0,
      "90": 0,
      "91": 0,
      "92": 0,
      "93": 0,
      "94": 0,
      "95": 0
    },
    "f": { "0": 0, "1": 2, "2": 0, "3": 0, "4": 0, "5": 0, "6": 0, "7": 0, "8": 2 },
    "b": {
      "0": [0],
      "1": [0, 0],
      "2": [2, 1],
      "3": [0, 0, 0, 0],
      "4": [0],
      "5": [0],
      "6": [0],
      "7": [0, 0],
      "8": [0],
      "9": [0, 0],
      "10": [0],
      "11": [0, 0],
      "12": [0],
      "13": [0, 0],
      "14": [0, 0],
      "15": [0],
      "16": [0],
      "17": [0, 0],
      "18": [0, 0],
      "19": [2],
      "20": [2, 2],
      "21": [0],
      "22": [0],
      "23": [0],
      "24": [0],
      "25": [0],
      "26": [0, 0],
      "27": [0]
    }
  },
  "/Users/aloshy/redirector/src/app/layout.tsx": {
    "path": "/Users/aloshy/redirector/src/app/layout.tsx",
    "statementMap": {
      "0": { "start": { "line": 9, "column": 24 }, "end": { "line": 9, "column": 35 } },
      "1": { "start": { "line": 3, "column": 13 }, "end": { "line": 3, "column": 21 } },
      "2": { "start": { "line": 1, "column": 7 }, "end": { "line": 1, "column": null } },
      "3": { "start": { "line": 3, "column": 24 }, "end": { "line": 7, "column": null } }
    },
    "fnMap": {
      "0": {
        "name": "RootLayout",
        "decl": { "start": { "line": 9, "column": 24 }, "end": { "line": 9, "column": 35 } },
        "loc": { "start": { "line": 9, "column": 78 }, "end": { "line": 18, "column": 1 } }
      }
    },
    "branchMap": {},
    "s": { "0": 0, "1": 0, "2": 0, "3": 0 },
    "f": { "0": 0 },
    "b": {}
  },
  "/Users/aloshy/redirector/src/app/page.tsx": {
    "path": "/Users/aloshy/redirector/src/app/page.tsx",
    "statementMap": {
      "0": { "start": { "line": 1, "column": 24 }, "end": { "line": 1, "column": null } }
    },
    "fnMap": {
      "0": {
        "name": "Home",
        "decl": { "start": { "line": 1, "column": 24 }, "end": { "line": 1, "column": null } },
        "loc": { "start": { "line": 1, "column": 24 }, "end": { "line": 10, "column": null } }
      }
    },
    "branchMap": {},
    "s": { "0": 0 },
    "f": { "0": 0 },
    "b": {}
  }
}
