TN:
SF:jest.config.ts
FNF:0
FNH:0
DA:2,0
DA:4,0
DA:10,0
DA:55,0
LF:4
LH:0
BRF:0
BRH:0
end_of_record
TN:
SF:next.config.ts
FNF:0
FNH:0
DA:3,0
DA:7,0
LF:2
LH:0
BRF:0
BRH:0
end_of_record
TN:
SF:src/middleware.ts
FN:41,isValidHostname
FN:50,isIPAddress
FN:55,isValidDestination
FN:64,getDNSRecords
FN:72,(anonymous_7)
FN:98,(anonymous_8)
FN:115,lookupDestinationWithCache
FN:155,generateErrorMessage
FN:185,middleware
FNF:9
FNH:2
FNDA:0,isValidHostname
FNDA:2,isIPAddress
FNDA:0,isValidDestination
FNDA:0,getDNSRecords
FNDA:0,(anonymous_7)
FNDA:0,(anonymous_8)
FNDA:0,lookupDestinationWithCache
FNDA:0,generateErrorMessage
FNDA:2,middleware
DA:1,1
DA:31,1
DA:32,1
DA:33,1
DA:34,1
DA:35,1
DA:36,1
DA:37,1
DA:38,1
DA:42,0
DA:46,0
DA:47,0
DA:52,2
DA:56,0
DA:65,0
DA:66,0
DA:67,0
DA:70,0
DA:71,0
DA:72,0
DA:74,0
DA:84,0
DA:86,0
DA:87,0
DA:90,0
DA:93,0
DA:94,0
DA:97,0
DA:99,0
DA:100,0
DA:104,0
DA:105,0
DA:106,0
DA:108,0
DA:111,0
DA:116,0
DA:119,0
DA:120,0
DA:121,0
DA:123,0
DA:125,0
DA:126,0
DA:128,0
DA:129,0
DA:130,0
DA:131,0
DA:133,0
DA:134,0
DA:135,0
DA:136,0
DA:138,0
DA:139,0
DA:143,0
DA:149,0
DA:152,0
DA:156,0
DA:157,0
DA:158,0
DA:160,0
DA:176,0
DA:177,0
DA:181,1
DA:185,2
DA:186,2
DA:187,2
DA:189,2
DA:190,2
DA:193,0
DA:194,0
DA:197,0
DA:198,0
DA:199,0
DA:207,0
DA:208,0
DA:211,0
DA:212,0
DA:215,0
DA:216,0
DA:217,0
DA:220,0
DA:221,0
DA:222,0
DA:223,0
DA:224,0
DA:226,0
DA:234,0
DA:237,0
DA:238,0
DA:239,0
DA:240,0
DA:241,0
DA:245,0
LF:92
LH:16
BRDA:42,0,0,0
BRDA:42,1,0,0
BRDA:42,1,1,0
BRDA:52,2,0,2
BRDA:52,2,1,1
BRDA:57,3,0,0
BRDA:57,3,1,0
BRDA:57,3,2,0
BRDA:57,3,3,0
BRDA:65,4,0,0
BRDA:86,5,0,0
BRDA:93,6,0,0
BRDA:98,7,0,0
BRDA:98,7,1,0
BRDA:104,8,0,0
BRDA:105,9,0,0
BRDA:105,9,1,0
BRDA:116,10,0,0
BRDA:116,11,0,0
BRDA:116,11,1,0
BRDA:120,12,0,0
BRDA:120,13,0,0
BRDA:120,13,1,0
BRDA:128,14,0,0
BRDA:128,14,1,0
BRDA:135,15,0,0
BRDA:138,16,0,0
BRDA:138,17,0,0
BRDA:138,17,1,0
BRDA:157,18,0,0
BRDA:157,18,1,0
BRDA:189,19,0,2
BRDA:189,20,0,2
BRDA:189,20,1,2
BRDA:193,21,0,0
BRDA:198,22,0,0
BRDA:211,23,0,0
BRDA:216,24,0,0
BRDA:237,25,0,0
BRDA:238,26,0,0
BRDA:238,26,1,0
BRDA:240,27,0,0
BRF:42
BRH:5
end_of_record
TN:
SF:src/app/layout.tsx
FN:9,RootLayout
FNF:1
FNH:0
FNDA:0,RootLayout
DA:1,0
DA:3,0
DA:9,0
LF:3
LH:0
BRF:0
BRH:0
end_of_record
TN:
SF:src/app/page.tsx
FN:1,Home
FNF:1
FNH:0
FNDA:0,Home
DA:1,0
LF:1
LH:0
BRF:0
BRH:0
end_of_record
